<?xml version="1.0" encoding="UTF-8"?>
<testsuite xmlns:xsi="http://www.w3.org/2001/XMLSchema-instance" xsi:noNamespaceSchemaLocation="https://maven.apache.org/surefire/maven-surefire-plugin/xsd/surefire-test-report.xsd" name="TestSuite" time="0.85" tests="62" errors="0" skipped="60" failures="2">
  <properties>
    <property name="gopherProxySet" value="false"/>
    <property name="awt.toolkit" value="sun.lwawt.macosx.LWCToolkit"/>
    <property name="file.encoding.pkg" value="sun.io"/>
    <property name="java.specification.version" value="1.8"/>
    <property name="sun.cpu.isalist" value=""/>
    <property name="sun.jnu.encoding" value="UTF-8"/>
    <property name="java.class.path" value="/Users/asif/Desktop/AutomationFrameworks/MobileFramework/UiCatalog/target/test-classes:/Users/asif/Desktop/AutomationFrameworks/MobileFramework/UiCatalog/target/classes:/Users/asif/Desktop/AutomationFrameworks/MobileFramework/Generic/target/classes:/Users/asif/.m2/repository/org/testng/testng/6.9.10/testng-6.9.10.jar:/Users/asif/.m2/repository/com/beust/jcommander/1.48/jcommander-1.48.jar:/Users/asif/.m2/repository/org/beanshell/bsh/2.0b4/bsh-2.0b4.jar:/Users/asif/.m2/repository/io/appium/java-client/2.1.0/java-client-2.1.0.jar:/Users/asif/.m2/repository/com/google/code/gson/gson/2.2.4/gson-2.2.4.jar:/Users/asif/.m2/repository/org/seleniumhq/selenium/selenium-java/2.43.1/selenium-java-2.43.1.jar:/Users/asif/.m2/repository/org/seleniumhq/selenium/selenium-chrome-driver/2.43.1/selenium-chrome-driver-2.43.1.jar:/Users/asif/.m2/repository/org/seleniumhq/selenium/selenium-remote-driver/2.43.1/selenium-remote-driver-2.43.1.jar:/Users/asif/.m2/repository/cglib/cglib-nodep/2.1_3/cglib-nodep-2.1_3.jar:/Users/asif/.m2/repository/org/seleniumhq/selenium/selenium-api/2.43.1/selenium-api-2.43.1.jar:/Users/asif/.m2/repository/org/seleniumhq/selenium/selenium-htmlunit-driver/2.43.1/selenium-htmlunit-driver-2.43.1.jar:/Users/asif/.m2/repository/net/sourceforge/htmlunit/htmlunit/2.15/htmlunit-2.15.jar:/Users/asif/.m2/repository/xalan/xalan/2.7.1/xalan-2.7.1.jar:/Users/asif/.m2/repository/xalan/serializer/2.7.1/serializer-2.7.1.jar:/Users/asif/.m2/repository/commons-collections/commons-collections/3.2.1/commons-collections-3.2.1.jar:/Users/asif/.m2/repository/org/apache/commons/commons-lang3/3.3.2/commons-lang3-3.3.2.jar:/Users/asif/.m2/repository/org/apache/httpcomponents/httpmime/4.3.3/httpmime-4.3.3.jar:/Users/asif/.m2/repository/net/sourceforge/htmlunit/htmlunit-core-js/2.15/htmlunit-core-js-2.15.jar:/Users/asif/.m2/repository/xerces/xercesImpl/2.11.0/xercesImpl-2.11.0.jar:/Users/asif/.m2/repository/xml-apis/xml-apis/1.4.01/xml-apis-1.4.01.jar:/Users/asif/.m2/repository/net/sourceforge/nekohtml/nekohtml/1.9.21/nekohtml-1.9.21.jar:/Users/asif/.m2/repository/net/sourceforge/cssparser/cssparser/0.9.14/cssparser-0.9.14.jar:/Users/asif/.m2/repository/org/w3c/css/sac/1.3/sac-1.3.jar:/Users/asif/.m2/repository/org/eclipse/jetty/jetty-websocket/8.1.15.v20140411/jetty-websocket-8.1.15.v20140411.jar:/Users/asif/.m2/repository/org/eclipse/jetty/jetty-util/8.1.15.v20140411/jetty-util-8.1.15.v20140411.jar:/Users/asif/.m2/repository/org/eclipse/jetty/jetty-io/8.1.15.v20140411/jetty-io-8.1.15.v20140411.jar:/Users/asif/.m2/repository/org/eclipse/jetty/jetty-http/8.1.15.v20140411/jetty-http-8.1.15.v20140411.jar:/Users/asif/.m2/repository/org/seleniumhq/selenium/selenium-firefox-driver/2.43.1/selenium-firefox-driver-2.43.1.jar:/Users/asif/.m2/repository/commons-io/commons-io/2.4/commons-io-2.4.jar:/Users/asif/.m2/repository/org/apache/commons/commons-exec/1.1/commons-exec-1.1.jar:/Users/asif/.m2/repository/org/seleniumhq/selenium/selenium-ie-driver/2.43.1/selenium-ie-driver-2.43.1.jar:/Users/asif/.m2/repository/net/java/dev/jna/jna/3.4.0/jna-3.4.0.jar:/Users/asif/.m2/repository/net/java/dev/jna/platform/3.4.0/platform-3.4.0.jar:/Users/asif/.m2/repository/org/seleniumhq/selenium/selenium-safari-driver/2.43.1/selenium-safari-driver-2.43.1.jar:/Users/asif/.m2/repository/org/seleniumhq/selenium/selenium-support/2.43.1/selenium-support-2.43.1.jar:/Users/asif/.m2/repository/org/webbitserver/webbit/0.4.15/webbit-0.4.15.jar:/Users/asif/.m2/repository/io/netty/netty/3.5.5.Final/netty-3.5.5.Final.jar:/Users/asif/.m2/repository/junit/junit/4.11/junit-4.11.jar:/Users/asif/.m2/repository/org/hamcrest/hamcrest-core/1.3/hamcrest-core-1.3.jar:/Users/asif/.m2/repository/org/apache/httpcomponents/httpclient/4.3.3/httpclient-4.3.3.jar:/Users/asif/.m2/repository/org/apache/httpcomponents/httpcore/4.3.2/httpcore-4.3.2.jar:/Users/asif/.m2/repository/commons-logging/commons-logging/1.1.3/commons-logging-1.1.3.jar:/Users/asif/.m2/repository/commons-codec/commons-codec/1.6/commons-codec-1.6.jar:/Users/asif/.m2/repository/com/google/guava/guava/17.0/guava-17.0.jar:/Users/asif/.m2/repository/cglib/cglib/3.1/cglib-3.1.jar:/Users/asif/.m2/repository/org/ow2/asm/asm/4.2/asm-4.2.jar:/Users/asif/.m2/repository/org/json/json/20160212/json-20160212.jar:/Users/asif/.m2/repository/com/googlecode/json-simple/json-simple/1.1.1/json-simple-1.1.1.jar:/Users/asif/.m2/repository/org/apache/maven/surefire/common-java5/2.16/common-java5-2.16.jar:/Users/asif/.m2/repository/org/apache/maven/surefire/surefire-api/2.16/surefire-api-2.16.jar:/Users/asif/.m2/repository/org/jsoup/jsoup/1.8.3/jsoup-1.8.3.jar:/Users/asif/.m2/repository/com/relevantcodes/extentreports/2.41.1/extentreports-2.41.1.jar:/Users/asif/.m2/repository/org/xerial/sqlite-jdbc/3.8.11.1/sqlite-jdbc-3.8.11.1.jar:/Users/asif/.m2/repository/org/freemarker/freemarker/2.3.23/freemarker-2.3.23.jar:/Users/asif/.m2/repository/org/mongodb/mongodb-driver/3.0.4/mongodb-driver-3.0.4.jar:/Users/asif/.m2/repository/org/mongodb/bson/3.0.4/bson-3.0.4.jar:/Users/asif/.m2/repository/org/mongodb/mongodb-driver-core/3.0.4/mongodb-driver-core-3.0.4.jar:/Users/asif/.m2/repository/commons-lang/commons-lang/2.6/commons-lang-2.6.jar:/Users/asif/.m2/repository/org/apache/maven/surefire/surefire-testng-utils/2.20.1/surefire-testng-utils-2.20.1.jar:/Users/asif/.m2/repository/org/apache/maven/surefire/surefire-grouper/2.20.1/surefire-grouper-2.20.1.jar:"/>
    <property name="java.vm.vendor" value="Oracle Corporation"/>
    <property name="sun.arch.data.model" value="64"/>
    <property name="java.vendor.url" value="http://java.oracle.com/"/>
    <property name="user.timezone" value=""/>
    <property name="java.vm.specification.version" value="1.8"/>
    <property name="os.name" value="Mac OS X"/>
    <property name="user.country" value="US"/>
    <property name="sun.java.launcher" value="SUN_STANDARD"/>
    <property name="sun.boot.library.path" value="/Library/Java/JavaVirtualMachines/jdk1.8.0_192.jdk/Contents/Home/jre/lib"/>
    <property name="sun.java.command" value="/Users/asif/Desktop/AutomationFrameworks/MobileFramework/UiCatalog/target/surefire/surefirebooter5499497762845334956.jar /Users/asif/Desktop/AutomationFrameworks/MobileFramework/UiCatalog/target/surefire 2019-02-05T19-32-57_372-jvmRun1 surefire273405735345350482tmp surefire_17047680946225402871tmp"/>
    <property name="http.nonProxyHosts" value="local|*.local|169.254/16|*.169.254/16"/>
    <property name="surefire.test.class.path" value="/Users/asif/Desktop/AutomationFrameworks/MobileFramework/UiCatalog/target/test-classes:/Users/asif/Desktop/AutomationFrameworks/MobileFramework/UiCatalog/target/classes:/Users/asif/Desktop/AutomationFrameworks/MobileFramework/Generic/target/classes:/Users/asif/.m2/repository/org/testng/testng/6.9.10/testng-6.9.10.jar:/Users/asif/.m2/repository/com/beust/jcommander/1.48/jcommander-1.48.jar:/Users/asif/.m2/repository/org/beanshell/bsh/2.0b4/bsh-2.0b4.jar:/Users/asif/.m2/repository/io/appium/java-client/2.1.0/java-client-2.1.0.jar:/Users/asif/.m2/repository/com/google/code/gson/gson/2.2.4/gson-2.2.4.jar:/Users/asif/.m2/repository/org/seleniumhq/selenium/selenium-java/2.43.1/selenium-java-2.43.1.jar:/Users/asif/.m2/repository/org/seleniumhq/selenium/selenium-chrome-driver/2.43.1/selenium-chrome-driver-2.43.1.jar:/Users/asif/.m2/repository/org/seleniumhq/selenium/selenium-remote-driver/2.43.1/selenium-remote-driver-2.43.1.jar:/Users/asif/.m2/repository/cglib/cglib-nodep/2.1_3/cglib-nodep-2.1_3.jar:/Users/asif/.m2/repository/org/seleniumhq/selenium/selenium-api/2.43.1/selenium-api-2.43.1.jar:/Users/asif/.m2/repository/org/seleniumhq/selenium/selenium-htmlunit-driver/2.43.1/selenium-htmlunit-driver-2.43.1.jar:/Users/asif/.m2/repository/net/sourceforge/htmlunit/htmlunit/2.15/htmlunit-2.15.jar:/Users/asif/.m2/repository/xalan/xalan/2.7.1/xalan-2.7.1.jar:/Users/asif/.m2/repository/xalan/serializer/2.7.1/serializer-2.7.1.jar:/Users/asif/.m2/repository/commons-collections/commons-collections/3.2.1/commons-collections-3.2.1.jar:/Users/asif/.m2/repository/org/apache/commons/commons-lang3/3.3.2/commons-lang3-3.3.2.jar:/Users/asif/.m2/repository/org/apache/httpcomponents/httpmime/4.3.3/httpmime-4.3.3.jar:/Users/asif/.m2/repository/net/sourceforge/htmlunit/htmlunit-core-js/2.15/htmlunit-core-js-2.15.jar:/Users/asif/.m2/repository/xerces/xercesImpl/2.11.0/xercesImpl-2.11.0.jar:/Users/asif/.m2/repository/xml-apis/xml-apis/1.4.01/xml-apis-1.4.01.jar:/Users/asif/.m2/repository/net/sourceforge/nekohtml/nekohtml/1.9.21/nekohtml-1.9.21.jar:/Users/asif/.m2/repository/net/sourceforge/cssparser/cssparser/0.9.14/cssparser-0.9.14.jar:/Users/asif/.m2/repository/org/w3c/css/sac/1.3/sac-1.3.jar:/Users/asif/.m2/repository/org/eclipse/jetty/jetty-websocket/8.1.15.v20140411/jetty-websocket-8.1.15.v20140411.jar:/Users/asif/.m2/repository/org/eclipse/jetty/jetty-util/8.1.15.v20140411/jetty-util-8.1.15.v20140411.jar:/Users/asif/.m2/repository/org/eclipse/jetty/jetty-io/8.1.15.v20140411/jetty-io-8.1.15.v20140411.jar:/Users/asif/.m2/repository/org/eclipse/jetty/jetty-http/8.1.15.v20140411/jetty-http-8.1.15.v20140411.jar:/Users/asif/.m2/repository/org/seleniumhq/selenium/selenium-firefox-driver/2.43.1/selenium-firefox-driver-2.43.1.jar:/Users/asif/.m2/repository/commons-io/commons-io/2.4/commons-io-2.4.jar:/Users/asif/.m2/repository/org/apache/commons/commons-exec/1.1/commons-exec-1.1.jar:/Users/asif/.m2/repository/org/seleniumhq/selenium/selenium-ie-driver/2.43.1/selenium-ie-driver-2.43.1.jar:/Users/asif/.m2/repository/net/java/dev/jna/jna/3.4.0/jna-3.4.0.jar:/Users/asif/.m2/repository/net/java/dev/jna/platform/3.4.0/platform-3.4.0.jar:/Users/asif/.m2/repository/org/seleniumhq/selenium/selenium-safari-driver/2.43.1/selenium-safari-driver-2.43.1.jar:/Users/asif/.m2/repository/org/seleniumhq/selenium/selenium-support/2.43.1/selenium-support-2.43.1.jar:/Users/asif/.m2/repository/org/webbitserver/webbit/0.4.15/webbit-0.4.15.jar:/Users/asif/.m2/repository/io/netty/netty/3.5.5.Final/netty-3.5.5.Final.jar:/Users/asif/.m2/repository/junit/junit/4.11/junit-4.11.jar:/Users/asif/.m2/repository/org/hamcrest/hamcrest-core/1.3/hamcrest-core-1.3.jar:/Users/asif/.m2/repository/org/apache/httpcomponents/httpclient/4.3.3/httpclient-4.3.3.jar:/Users/asif/.m2/repository/org/apache/httpcomponents/httpcore/4.3.2/httpcore-4.3.2.jar:/Users/asif/.m2/repository/commons-logging/commons-logging/1.1.3/commons-logging-1.1.3.jar:/Users/asif/.m2/repository/commons-codec/commons-codec/1.6/commons-codec-1.6.jar:/Users/asif/.m2/repository/com/google/guava/guava/17.0/guava-17.0.jar:/Users/asif/.m2/repository/cglib/cglib/3.1/cglib-3.1.jar:/Users/asif/.m2/repository/org/ow2/asm/asm/4.2/asm-4.2.jar:/Users/asif/.m2/repository/org/json/json/20160212/json-20160212.jar:/Users/asif/.m2/repository/com/googlecode/json-simple/json-simple/1.1.1/json-simple-1.1.1.jar:/Users/asif/.m2/repository/org/apache/maven/surefire/common-java5/2.16/common-java5-2.16.jar:/Users/asif/.m2/repository/org/apache/maven/surefire/surefire-api/2.16/surefire-api-2.16.jar:/Users/asif/.m2/repository/org/jsoup/jsoup/1.8.3/jsoup-1.8.3.jar:/Users/asif/.m2/repository/com/relevantcodes/extentreports/2.41.1/extentreports-2.41.1.jar:/Users/asif/.m2/repository/org/xerial/sqlite-jdbc/3.8.11.1/sqlite-jdbc-3.8.11.1.jar:/Users/asif/.m2/repository/org/freemarker/freemarker/2.3.23/freemarker-2.3.23.jar:/Users/asif/.m2/repository/org/mongodb/mongodb-driver/3.0.4/mongodb-driver-3.0.4.jar:/Users/asif/.m2/repository/org/mongodb/bson/3.0.4/bson-3.0.4.jar:/Users/asif/.m2/repository/org/mongodb/mongodb-driver-core/3.0.4/mongodb-driver-core-3.0.4.jar:/Users/asif/.m2/repository/commons-lang/commons-lang/2.6/commons-lang-2.6.jar:/Users/asif/.m2/repository/org/apache/maven/surefire/surefire-testng-utils/2.20.1/surefire-testng-utils-2.20.1.jar:/Users/asif/.m2/repository/org/apache/maven/surefire/surefire-grouper/2.20.1/surefire-grouper-2.20.1.jar:"/>
    <property name="sun.cpu.endian" value="little"/>
    <property name="user.home" value="/Users/asif"/>
    <property name="user.language" value="en"/>
    <property name="java.specification.vendor" value="Oracle Corporation"/>
    <property name="java.home" value="/Library/Java/JavaVirtualMachines/jdk1.8.0_192.jdk/Contents/Home/jre"/>
    <property name="basedir" value="/Users/asif/Desktop/AutomationFrameworks/MobileFramework/UiCatalog"/>
    <property name="file.separator" value="/"/>
    <property name="line.separator" value="&#10;"/>
    <property name="java.vm.specification.vendor" value="Oracle Corporation"/>
    <property name="java.specification.name" value="Java Platform API Specification"/>
    <property name="java.awt.graphicsenv" value="sun.awt.CGraphicsEnvironment"/>
    <property name="surefire.real.class.path" value="/Users/asif/Desktop/AutomationFrameworks/MobileFramework/UiCatalog/target/surefire/surefirebooter5499497762845334956.jar"/>
    <property name="sun.boot.class.path" value="/Library/Java/JavaVirtualMachines/jdk1.8.0_192.jdk/Contents/Home/jre/lib/resources.jar:/Library/Java/JavaVirtualMachines/jdk1.8.0_192.jdk/Contents/Home/jre/lib/rt.jar:/Library/Java/JavaVirtualMachines/jdk1.8.0_192.jdk/Contents/Home/jre/lib/sunrsasign.jar:/Library/Java/JavaVirtualMachines/jdk1.8.0_192.jdk/Contents/Home/jre/lib/jsse.jar:/Library/Java/JavaVirtualMachines/jdk1.8.0_192.jdk/Contents/Home/jre/lib/jce.jar:/Library/Java/JavaVirtualMachines/jdk1.8.0_192.jdk/Contents/Home/jre/lib/charsets.jar:/Library/Java/JavaVirtualMachines/jdk1.8.0_192.jdk/Contents/Home/jre/lib/jfr.jar:/Library/Java/JavaVirtualMachines/jdk1.8.0_192.jdk/Contents/Home/jre/classes"/>
    <property name="sun.management.compiler" value="HotSpot 64-Bit Tiered Compilers"/>
    <property name="ftp.nonProxyHosts" value="local|*.local|169.254/16|*.169.254/16"/>
    <property name="java.runtime.version" value="1.8.0_192-b12"/>
    <property name="user.name" value="asif"/>
    <property name="path.separator" value=":"/>
    <property name="os.version" value="10.14"/>
    <property name="java.endorsed.dirs" value="/Library/Java/JavaVirtualMachines/jdk1.8.0_192.jdk/Contents/Home/jre/lib/endorsed"/>
    <property name="java.runtime.name" value="Java(TM) SE Runtime Environment"/>
    <property name="file.encoding" value="UTF-8"/>
    <property name="java.vm.name" value="Java HotSpot(TM) 64-Bit Server VM"/>
    <property name="localRepository" value="/Users/asif/.m2/repository"/>
    <property name="java.vendor.url.bug" value="http://bugreport.sun.com/bugreport/"/>
    <property name="java.io.tmpdir" value="/var/folders/bk/n1g2yh8s0093m33j67lhtsn80000gn/T/"/>
    <property name="java.version" value="1.8.0_192"/>
    <property name="user.dir" value="/Users/asif/Desktop/AutomationFrameworks/MobileFramework/UiCatalog"/>
    <property name="os.arch" value="x86_64"/>
    <property name="java.vm.specification.name" value="Java Virtual Machine Specification"/>
    <property name="java.awt.printerjob" value="sun.lwawt.macosx.CPrinterJob"/>
    <property name="sun.os.patch.level" value="unknown"/>
    <property name="java.library.path" value="/Users/asif/Library/Java/Extensions:/Library/Java/Extensions:/Network/Library/Java/Extensions:/System/Library/Java/Extensions:/usr/lib/java:."/>
    <property name="java.vm.info" value="mixed mode"/>
    <property name="java.vendor" value="Oracle Corporation"/>
    <property name="java.vm.version" value="25.192-b12"/>
    <property name="java.ext.dirs" value="/Users/asif/Library/Java/Extensions:/Library/Java/JavaVirtualMachines/jdk1.8.0_192.jdk/Contents/Home/jre/lib/ext:/Library/Java/Extensions:/Network/Library/Java/Extensions:/System/Library/Java/Extensions:/usr/lib/java"/>
    <property name="sun.io.unicode.encoding" value="UnicodeBig"/>
    <property name="java.class.version" value="52.0"/>
    <property name="socksNonProxyHosts" value="local|*.local|169.254/16|*.169.254/16"/>
  </properties>
  <testcase name="testDatePicker" classname="iPhone.PickerTest" time="0.009">
    <failure type="java.lang.NullPointerException:">java.lang.NullPointerException: null
	at pagefactory.UiCatalogPage.UiCatalog.page(UiCatalog.java:31)
	at pagefactory.UiCatalogPage.UiCatalog.getPickers(UiCatalog.java:60)
	at iPhone.PickerTest.picker(PickerTest.java:16)
	at iPhone.PickerTest.testDatePicker(PickerTest.java:32)
</failure>
    <system-out><![CDATA[Extent Report directory: /Users/asif/Desktop/AutomationFrameworks/MobileFramework/UiCatalog/target/surefire-reports/html
]]></system-out>
    <system-err><![CDATA[Feb 05, 2019 7:33:00 PM com.relevantcodes.extentreports.ExtentReports loadConfig
WARNING: Unable to perform report configuration. The file /Users/asif/Desktop/AutomationFrameworks/MobileFramework/UiCatalog/report-config.xml was not found.
]]></system-err>
  </testcase>
  <testcase name="afterEachTestMethod" classname="iPhone.PickerTest" time="0.276">
    <failure type="java.lang.NullPointerException:">java.lang.NullPointerException: null
	at base.MobileAPI.captureScreenShot(MobileAPI.java:416)
	at base.MobileAPI.afterEachTestMethod(MobileAPI.java:87)
	at sun.reflect.NativeMethodAccessorImpl.invoke0(Native Method)
	at sun.reflect.NativeMethodAccessorImpl.invoke(NativeMethodAccessorImpl.java:62)
	at sun.reflect.DelegatingMethodAccessorImpl.invoke(DelegatingMethodAccessorImpl.java:43)
	at java.lang.reflect.Method.invoke(Method.java:498)
	at org.testng.internal.MethodInvocationHelper.invokeMethod(MethodInvocationHelper.java:86)
	at org.testng.internal.Invoker.invokeConfigurationMethod(Invoker.java:514)
	at org.testng.internal.Invoker.invokeConfigurations(Invoker.java:215)
	at org.testng.internal.Invoker.invokeMethod(Invoker.java:707)
	at org.testng.internal.Invoker.invokeTestMethod(Invoker.java:820)
	at org.testng.internal.Invoker.invokeTestMethods(Invoker.java:1128)
	at org.testng.internal.TestMethodWorker.invokeTestMethods(TestMethodWorker.java:129)
	at org.testng.internal.TestMethodWorker.run(TestMethodWorker.java:112)
	at org.testng.TestRunner.privateRun(TestRunner.java:782)
	at org.testng.TestRunner.run(TestRunner.java:632)
	at org.testng.SuiteRunner.runTest(SuiteRunner.java:366)
	at org.testng.SuiteRunner.runSequentially(SuiteRunner.java:361)
	at org.testng.SuiteRunner.privateRun(SuiteRunner.java:319)
	at org.testng.SuiteRunner.run(SuiteRunner.java:268)
	at org.testng.SuiteRunnerWorker.runSuite(SuiteRunnerWorker.java:52)
	at org.testng.SuiteRunnerWorker.run(SuiteRunnerWorker.java:86)
	at org.testng.TestNG.runSuitesSequentially(TestNG.java:1244)
	at org.testng.TestNG.runSuitesLocally(TestNG.java:1169)
	at org.testng.TestNG.run(TestNG.java:1064)
	at org.apache.maven.surefire.testng.TestNGExecutor.run(TestNGExecutor.java:135)
	at org.apache.maven.surefire.testng.TestNGDirectoryTestSuite.executeMulti(TestNGDirectoryTestSuite.java:193)
	at org.apache.maven.surefire.testng.TestNGDirectoryTestSuite.execute(TestNGDirectoryTestSuite.java:94)
	at org.apache.maven.surefire.testng.TestNGProvider.invoke(TestNGProvider.java:146)
	at org.apache.maven.surefire.booter.ForkedBooter.invokeProviderInSameClassLoader(ForkedBooter.java:373)
	at org.apache.maven.surefire.booter.ForkedBooter.runSuitesInProcess(ForkedBooter.java:334)
	at org.apache.maven.surefire.booter.ForkedBooter.execute(ForkedBooter.java:119)
	at org.apache.maven.surefire.booter.ForkedBooter.main(ForkedBooter.java:407)
</failure>
  </testcase>
  <testcase name="afterEachTestMethod" classname="iPhone.PickerTest" time="0">
    <skipped/>
  </testcase>
  <testcase name="setUp" classname="iPhone.PickerTest" time="0">
    <skipped/>
  </testcase>
  <testcase name="startExtent" classname="iPhone.PickerTest" time="0">
    <skipped/>
  </testcase>
  <testcase name="testUIPicker" classname="iPhone.PickerTest" time="0">
    <skipped/>
  </testcase>
  <testcase name="setUp" classname="iPhone.AlertsTest" time="0">
    <skipped/>
  </testcase>
  <testcase name="setUp" classname="iPhone.AlertsTest" time="0">
    <skipped/>
  </testcase>
  <testcase name="setUp" classname="iPhone.AlertsTest" time="0">
    <skipped/>
  </testcase>
  <testcase name="setUp" classname="iPhone.AlertsTest" time="0">
    <skipped/>
  </testcase>
  <testcase name="setUp" classname="iPhone.AlertsTest" time="0">
    <skipped/>
  </testcase>
  <testcase name="setUp" classname="iPhone.AlertsTest" time="0">
    <skipped/>
  </testcase>
  <testcase name="setUp" classname="iPhone.AlertsTest" time="0">
    <skipped/>
  </testcase>
  <testcase name="startExtent" classname="iPhone.AlertsTest" time="0">
    <skipped/>
  </testcase>
  <testcase name="startExtent" classname="iPhone.AlertsTest" time="0">
    <skipped/>
  </testcase>
  <testcase name="startExtent" classname="iPhone.AlertsTest" time="0">
    <skipped/>
  </testcase>
  <testcase name="startExtent" classname="iPhone.AlertsTest" time="0">
    <skipped/>
  </testcase>
  <testcase name="startExtent" classname="iPhone.AlertsTest" time="0">
    <skipped/>
  </testcase>
  <testcase name="startExtent" classname="iPhone.AlertsTest" time="0">
    <skipped/>
  </testcase>
  <testcase name="startExtent" classname="iPhone.AlertsTest" time="0">
    <skipped/>
  </testcase>
  <testcase name="testActionSheetCustom" classname="iPhone.AlertsTest" time="0">
    <skipped/>
  </testcase>
  <testcase name="afterEachTestMethod" classname="iPhone.AlertsTest" time="0">
    <skipped/>
  </testcase>
  <testcase name="afterEachTestMethod" classname="iPhone.AlertsTest" time="0">
    <skipped/>
  </testcase>
  <testcase name="afterEachTestMethod" classname="iPhone.AlertsTest" time="0">
    <skipped/>
  </testcase>
  <testcase name="afterEachTestMethod" classname="iPhone.AlertsTest" time="0">
    <skipped/>
  </testcase>
  <testcase name="afterEachTestMethod" classname="iPhone.AlertsTest" time="0">
    <skipped/>
  </testcase>
  <testcase name="afterEachTestMethod" classname="iPhone.AlertsTest" time="0">
    <skipped/>
  </testcase>
  <testcase name="afterEachTestMethod" classname="iPhone.AlertsTest" time="0">
    <skipped/>
  </testcase>
  <testcase name="testActionSheetOkCancel" classname="iPhone.AlertsTest" time="0">
    <skipped/>
  </testcase>
  <testcase name="testActionSheetSimple" classname="iPhone.AlertsTest" time="0">
    <skipped/>
  </testcase>
  <testcase name="testAlertCustom" classname="iPhone.AlertsTest" time="0">
    <skipped/>
  </testcase>
  <testcase name="testAlertOkCancel" classname="iPhone.AlertsTest" time="0">
    <skipped/>
  </testcase>
  <testcase name="testAlertSimple" classname="iPhone.AlertsTest" time="0">
    <skipped/>
  </testcase>
  <testcase name="testSecureInput" classname="iPhone.AlertsTest" time="0">
    <skipped/>
  </testcase>
  <testcase name="setUp" classname="iPhone.Button2Test" time="0">
    <skipped/>
  </testcase>
  <testcase name="startExtent" classname="iPhone.Button2Test" time="0">
    <skipped/>
  </testcase>
  <testcase name="buttonTest" classname="iPhone.Button2Test" time="0">
    <skipped/>
  </testcase>
  <testcase name="afterEachTestMethod" classname="iPhone.Button2Test" time="0">
    <skipped/>
  </testcase>
  <testcase name="setUp" classname="iPhone.SegmentTest" time="0">
    <skipped/>
  </testcase>
  <testcase name="startExtent" classname="iPhone.SegmentTest" time="0">
    <skipped/>
  </testcase>
  <testcase name="inIt" classname="iPhone.SegmentTest" time="0">
    <skipped/>
  </testcase>
  <testcase name="SegmentTest" classname="iPhone.SegmentTest" time="0">
    <skipped/>
  </testcase>
  <testcase name="afterEachTestMethod" classname="iPhone.SegmentTest" time="0">
    <skipped/>
  </testcase>
  <testcase name="setUp" classname="iPhone.ControlTest" time="0">
    <skipped/>
  </testcase>
  <testcase name="startExtent" classname="iPhone.ControlTest" time="0">
    <skipped/>
  </testcase>
  <testcase name="inIt" classname="iPhone.ControlTest" time="0">
    <skipped/>
  </testcase>
  <testcase name="controlTextTest" classname="iPhone.ControlTest" time="0">
    <skipped/>
  </testcase>
  <testcase name="afterEachTestMethod" classname="iPhone.ControlTest" time="0">
    <skipped/>
  </testcase>
  <testcase name="setUp" classname="iPhone.ButtonTest" time="0">
    <skipped/>
  </testcase>
  <testcase name="startExtent" classname="iPhone.ButtonTest" time="0">
    <skipped/>
  </testcase>
  <testcase name="navigate" classname="iPhone.ButtonTest" time="0">
    <skipped/>
  </testcase>
  <testcase name="afterEachTestMethod" classname="iPhone.ButtonTest" time="0">
    <skipped/>
  </testcase>
  <testcase name="setUp" classname="iPhone.TextFieldsTest" time="0">
    <skipped/>
  </testcase>
  <testcase name="startExtent" classname="iPhone.TextFieldsTest" time="0">
    <skipped/>
  </testcase>
  <testcase name="navigate" classname="iPhone.TextFieldsTest" time="0">
    <skipped/>
  </testcase>
  <testcase name="afterEachTestMethod" classname="iPhone.TextFieldsTest" time="0">
    <skipped/>
  </testcase>
  <testcase name="setUp" classname="iPhone.ImageTest" time="0">
    <skipped/>
  </testcase>
  <testcase name="startExtent" classname="iPhone.ImageTest" time="0">
    <skipped/>
  </testcase>
  <testcase name="inIt" classname="iPhone.ImageTest" time="0">
    <skipped/>
  </testcase>
  <testcase name="imageTextTest" classname="iPhone.ImageTest" time="0">
    <skipped/>
  </testcase>
  <testcase name="afterEachTestMethod" classname="iPhone.ImageTest" time="0">
    <skipped/>
  </testcase>
  <testcase name="generateReport" classname="iPhone.PickerTest" time="0">
    <skipped/>
  </testcase>
</testsuite>